real 330.72
user 322.51
sys 6.12
          6179536896  maximum resident set size
                   0  average shared memory size
                   0  average unshared data size
                   0  average unshared stack size
              399342  page reclaims
                   7  page faults
                   0  swaps
                   0  block input operations
                   0  block output operations
                   0  messages sent
                   0  messages received
                   0  signals received
                 106  voluntary context switches
              114306  involuntary context switches
       4519152750442  instructions retired
       1195741251105  cycles elapsed
          6147429200  peak memory footprint
